<?xml version="1.0" encoding="UTF-8"?>
<!-- Generated by org.testng.reporters.JUnitReportReporter -->
<testsuite skipped="0" hostname="WKWIN2346927" name="Test.Feature.homePageTest" tests="1" failures="0" timestamp="03 Aug 2019 09:29:19 GMT" time="15.941" errors="0">
  <testcase name="HomePageTestload" time="15.941" classname="Test.Feature.homePageTest"/>
</testsuite> <!-- Test.Feature.homePageTest -->
